2024-07-27 19:16:01,774 - INFO - Email sent successfully
2024-07-27 19:20:03,501 - ERROR - name 'smtpb' is not defined
2024-07-27 17:36:11,702 - ERROR - name 'smtpb' is not defined
2024-07-27 17:36:26,020 - ERROR - name 'smtpb' is not defined
2024-07-27 17:49:10,945 - ERROR - (535, b'5.7.8 Username and Password not accepted. For more information, go to\n5.7.8  https://support.google.com/mail/?p=BadCredentials 8926c6da1cb9f-4c29fc0a1ccsm1394910173.134 - gsmtp')
2024-07-28 08:41:12,795 - INFO - No birthday today
2024-07-28 08:51:34,113 - INFO - No birthday today
2024-07-28 09:08:52,453 - INFO - No birthday today
2024-07-28 09:13:35,103 - INFO - No birthday today
2024-09-06 06:15:02,032 - INFO - No birthday today
2024-09-06 06:17:55,996 - INFO - No birthday today
2024-09-06 06:18:25,752 - INFO - No birthday today
2024-09-06 06:18:45,788 - INFO - No birthday today
2024-09-06 06:19:18,879 - INFO - No birthday today
2024-09-06 06:19:41,576 - INFO - No birthday today
2024-09-06 06:26:10,103 - INFO - No birthday today
2024-09-06 13:16:49,246 - INFO - No birthday today
2024-09-06 13:18:38,046 - INFO - No birthday today
2024-09-06 13:19:30,673 - INFO - No birthday today
2024-09-06 13:20:20,747 - INFO - No birthday today
2024-09-06 13:20:54,139 - INFO - No birthday today
2024-09-06 13:21:37,678 - INFO - No birthday today
2024-09-06 13:28:46,986 - INFO - No birthday today
2024-09-06 13:33:17,126 - INFO - No birthday today
2024-09-06 13:34:27,730 - INFO - No birthday today
2024-09-06 13:34:58,816 - INFO - No birthday today
2024-09-06 13:36:16,663 - INFO - No birthday today
2024-09-06 13:38:22,926 - INFO - No birthday today
2024-09-06 13:38:58,195 - INFO - No birthday today
2024-09-06 13:43:51,079 - INFO - No birthday today
2024-09-06 14:35:27,523 - INFO - No birthday today
2024-09-06 14:36:07,966 - INFO - No birthday today
2024-09-06 14:36:39,012 - INFO - No birthday today
2024-09-06 14:37:04,036 - INFO - No birthday today
2024-09-06 14:38:21,802 - INFO - No birthday today
2024-09-06 14:53:35,340 - INFO - No birthday today
2024-09-06 14:55:14,715 - INFO - No birthday today
2024-09-06 14:56:36,811 - INFO - No birthday today
2024-09-06 14:57:11,220 - INFO - No birthday today
2024-09-06 14:58:42,970 - INFO - No birthday today
2024-09-06 14:59:58,888 - INFO - No birthday today
2024-09-06 15:02:37,757 - INFO - No birthday today
2024-09-06 15:04:06,039 - INFO - No birthday today
2024-09-06 16:32:54,373 - INFO - No birthday today
2024-09-07 13:52:07,697 - INFO - No birthday today
2024-09-07 13:53:03,173 - INFO - No birthday today
2024-09-07 14:07:17,678 - INFO - No birthday today
2024-09-07 15:02:34,935 - INFO - No birthday today
2024-10-09 03:20:57,062 - INFO - No birthday today
2024-10-09 03:27:47,144 - INFO - No birthday today
2024-10-09 03:33:23,595 - INFO - No birthday today
2024-10-09 03:36:16,604 - INFO - No birthday today
2024-10-09 03:41:25,813 - INFO - Email successfully sent to ghh
2024-10-09 03:58:46,430 - INFO - Email successfully sent to ghh
